<?xml version="1.0" encoding="UTF-8"?>
<testng-results skipped="0" failed="0" ignored="0" total="1" passed="1">
  <reporter-output>
  </reporter-output>
  <suite name="Default suite" duration-ms="123421" started-at="2020-11-20T09:41:06 IST" finished-at="2020-11-20T09:43:09 IST">
    <groups>
    </groups>
    <test name="Default test" duration-ms="123421" started-at="2020-11-20T09:41:06 IST" finished-at="2020-11-20T09:43:09 IST">
      <class name="Test.MobileTesting">
        <test-method status="PASS" signature="SplashScreen()[pri:0, instance:Test.MobileTesting@5bc79255]" name="SplashScreen" is-config="true" duration-ms="27330" started-at="2020-11-20T09:41:06 IST" finished-at="2020-11-20T09:41:33 IST">
          <reporter-output>
          </reporter-output>
        </test-method> <!-- SplashScreen -->
        <test-method status="PASS" signature="Login()[pri:0, instance:Test.MobileTesting@5bc79255]" name="Login" duration-ms="93683" started-at="2020-11-20T09:41:33 IST" finished-at="2020-11-20T09:43:07 IST">
          <reporter-output>
          </reporter-output>
        </test-method> <!-- Login -->
        <test-method status="PASS" signature="end()[pri:0, instance:Test.MobileTesting@5bc79255]" name="end" is-config="true" duration-ms="2362" started-at="2020-11-20T09:43:07 IST" finished-at="2020-11-20T09:43:09 IST">
          <reporter-output>
          </reporter-output>
        </test-method> <!-- end -->
      </class> <!-- Test.MobileTesting -->
    </test> <!-- Default test -->
  </suite> <!-- Default suite -->
</testng-results>
